<?xml version="1.0" encoding="UTF-8"?>
<testng-results ignored="0" total="1" passed="1" failed="0" skipped="0">
  <reporter-output>
  </reporter-output>
  <suite started-at="2023-02-11T11:11:04 IST" name="Default suite" finished-at="2023-02-11T11:11:10 IST" duration-ms="6208">
    <groups>
    </groups>
    <test started-at="2023-02-11T11:11:04 IST" name="Default test" finished-at="2023-02-11T11:11:10 IST" duration-ms="6208">
      <class name="com.ohrmapplicationtestcase.LogintpageAndValidation__TESTandFunctinality">
        <test-method is-config="true" signature="applicationlaunch()[pri:0, instance:com.ohrmapplicationtestcase.LogintpageAndValidation__TESTandFunctinality@68c9133c]" started-at="2023-02-11T11:11:04 IST" name="applicationlaunch" finished-at="2023-02-11T11:11:07 IST" duration-ms="3291" status="PASS">
          <reporter-output>
          </reporter-output>
        </test-method> <!-- applicationlaunch -->
        <test-method signature="validationhomepage_loginpanel()[pri:1, instance:com.ohrmapplicationtestcase.LogintpageAndValidation__TESTandFunctinality@68c9133c]" started-at="2023-02-11T11:11:07 IST" name="validationhomepage_loginpanel" description="ohrm validating login panel" finished-at="2023-02-11T11:11:10 IST" duration-ms="2864" status="PASS">
          <reporter-output>
          </reporter-output>
        </test-method> <!-- validationhomepage_loginpanel -->
      </class> <!-- com.ohrmapplicationtestcase.LogintpageAndValidation__TESTandFunctinality -->
    </test> <!-- Default test -->
  </suite> <!-- Default suite -->
</testng-results>
