<?xml version="1.0" encoding="UTF-8"?>
<!-- Generated by org.testng.reporters.JUnitXMLReporter -->
<testsuite ignored="1" hostname="mahe" failures="0" tests="5" name="Default test" time="0.129" errors="0" timestamp="2023-01-24T16:41:00 IST">
  <testcase classname="testNG.Annotations" name="gmailApplicationLaunch" time="0.03"/>
  <testcase classname="testNG.Annotations" name="gmainlINboxTest" time="0.002"/>
  <testcase classname="testNG.Annotations" name="gmailcomposemailTest" time="0.003"/>
  <testcase classname="testNG.Annotations" name="gmailApplicationClose" time="0.002"/>
  <testcase classname="testNG.Annotations" name="gmailDraftsTest" time="0.002"/>
  <testcase classname="testNG.Annotations" name="gmailsentmailTest" time="0.0">
    <ignored/>
  </testcase> <!-- gmailsentmailTest -->
</testsuite> <!-- Default test -->
