<?xml version="1.0" encoding="UTF-8"?>
<testng-results ignored="1" total="6" passed="5" failed="0" skipped="0">
  <reporter-output>
  </reporter-output>
  <suite started-at="2023-01-24T16:41:00 IST" name="Default suite" finished-at="2023-01-24T16:41:00 IST" duration-ms="129">
    <groups>
    </groups>
    <test started-at="2023-01-24T16:41:00 IST" name="Default test" finished-at="2023-01-24T16:41:00 IST" duration-ms="129">
      <class name="testNG.Annotations">
        <test-method signature="gmailApplicationLaunch()[pri:1, instance:testNG.Annotations@7690781]" started-at="2023-01-24T16:41:00 IST" name="gmailApplicationLaunch" finished-at="2023-01-24T16:41:00 IST" duration-ms="30" status="PASS">
          <reporter-output>
          </reporter-output>
        </test-method> <!-- gmailApplicationLaunch -->
        <test-method signature="gmainlINboxTest()[pri:2, instance:testNG.Annotations@7690781]" started-at="2023-01-24T16:41:00 IST" name="gmainlINboxTest" finished-at="2023-01-24T16:41:00 IST" duration-ms="2" status="PASS">
          <reporter-output>
          </reporter-output>
        </test-method> <!-- gmainlINboxTest -->
        <test-method signature="gmailcomposemailTest()[pri:3, instance:testNG.Annotations@7690781]" started-at="2023-01-24T16:41:00 IST" name="gmailcomposemailTest" finished-at="2023-01-24T16:41:00 IST" duration-ms="3" status="PASS">
          <reporter-output>
          </reporter-output>
        </test-method> <!-- gmailcomposemailTest -->
        <test-method signature="gmailApplicationClose()[pri:4, instance:testNG.Annotations@7690781]" started-at="2023-01-24T16:41:00 IST" name="gmailApplicationClose" finished-at="2023-01-24T16:41:00 IST" duration-ms="2" status="PASS">
          <reporter-output>
          </reporter-output>
        </test-method> <!-- gmailApplicationClose -->
        <test-method signature="gmailDraftsTest()[pri:4, instance:testNG.Annotations@7690781]" started-at="2023-01-24T16:41:00 IST" name="gmailDraftsTest" finished-at="2023-01-24T16:41:00 IST" duration-ms="2" status="PASS">
          <reporter-output>
          </reporter-output>
        </test-method> <!-- gmailDraftsTest -->
      </class> <!-- testNG.Annotations -->
    </test> <!-- Default test -->
  </suite> <!-- Default suite -->
</testng-results>
